2024-02-18 02:39:16,034 root Creating path
2024-02-18 02:39:16,034 root artifacts\preprocessor.pkl : path created
2024-02-18 02:39:16,088 root creating model path
2024-02-18 02:39:16,088 root Model path created
2024-02-18 02:39:16,249 root Initiating data transformation
2024-02-18 02:39:16,284 root Encoding Data Initiated
2024-02-18 02:39:16,284 root preprocessor object created
2024-02-18 02:39:16,308 root Saving object
2024-02-18 02:39:16,331 root Saving object Pipeline(steps=[('CT',
                 ColumnTransformer(remainder='passthrough',
                                   transformers=[('one_hot',
                                                  Pipeline(steps=[('fill_val',
                                                                   SimpleImputer(fill_value='most_frequent',
                                                                                 strategy='constant')),
                                                                  ('onehot',
                                                                   OneHotEncoder(handle_unknown='ignore'))]),
                                                  ['marital', 'poutcome']),
                                                 ('ordinal_en',
                                                  Pipeline(steps=[('ordinal_simple',
                                                                   SimpleImputer(fill_value='most_frequent',
                                                                                 strategy='constant')),
                                                                  ('ordinal_en',
                                                                   OrdinalEncoder())]),
                                                  ['job', 'housing',
                                                   'loan'])]))])
2024-02-18 02:39:16,351 root Object saved Pipeline(steps=[('CT',
                 ColumnTransformer(remainder='passthrough',
                                   transformers=[('one_hot',
                                                  Pipeline(steps=[('fill_val',
                                                                   SimpleImputer(fill_value='most_frequent',
                                                                                 strategy='constant')),
                                                                  ('onehot',
                                                                   OneHotEncoder(handle_unknown='ignore'))]),
                                                  ['marital', 'poutcome']),
                                                 ('ordinal_en',
                                                  Pipeline(steps=[('ordinal_simple',
                                                                   SimpleImputer(fill_value='most_frequent',
                                                                                 strategy='constant')),
                                                                  ('ordinal_en',
                                                                   OrdinalEncoder())]),
                                                  ['job', 'housing',
                                                   'loan'])]))]) : artifacts\preprocessor.pkl
2024-02-18 02:39:16,352 root object saved
2024-02-18 02:39:16,353 root Initiating model training
2024-02-18 02:39:16,353 root Evaluating model
2024-02-18 02:39:44,827 root Model evaluated
2024-02-18 02:39:45,605 root Model evaluated
