2024-02-21 19:38:25,173 root Creating path
2024-02-21 19:38:25,173 root artifacts\preprocessor.pkl : path created
2024-02-21 19:38:25,216 root creating model path
2024-02-21 19:38:25,216 root Model path created
2024-02-21 19:38:25,279 root Initiating data transformation
2024-02-21 19:38:25,325 root Encoding Data Initiated
2024-02-21 19:38:25,325 root preprocessor object created
2024-02-21 19:38:25,333 root Saving object
2024-02-21 19:38:25,367 root Saving object Pipeline(steps=[('CT',
                 ColumnTransformer(remainder='passthrough',
                                   transformers=[('one_hot',
                                                  Pipeline(steps=[('fill_val',
                                                                   SimpleImputer(fill_value='most_frequent',
                                                                                 strategy='constant')),
                                                                  ('onehot',
                                                                   OneHotEncoder(handle_unknown='ignore'))]),
                                                  ['marital', 'poutcome']),
                                                 ('ordinal_en',
                                                  Pipeline(steps=[('ordinal_simple',
                                                                   SimpleImputer(fill_value='most_frequent',
                                                                                 strategy='constant')),
                                                                  ('ordinal_en',
                                                                   OrdinalEncoder())]),
                                                  ['job', 'housing',
                                                   'loan'])]))])
2024-02-21 19:38:25,383 root Object saved Pipeline(steps=[('CT',
                 ColumnTransformer(remainder='passthrough',
                                   transformers=[('one_hot',
                                                  Pipeline(steps=[('fill_val',
                                                                   SimpleImputer(fill_value='most_frequent',
                                                                                 strategy='constant')),
                                                                  ('onehot',
                                                                   OneHotEncoder(handle_unknown='ignore'))]),
                                                  ['marital', 'poutcome']),
                                                 ('ordinal_en',
                                                  Pipeline(steps=[('ordinal_simple',
                                                                   SimpleImputer(fill_value='most_frequent',
                                                                                 strategy='constant')),
                                                                  ('ordinal_en',
                                                                   OrdinalEncoder())]),
                                                  ['job', 'housing',
                                                   'loan'])]))]) : artifacts\preprocessor.pkl
2024-02-21 19:38:25,383 root object saved
2024-02-21 19:38:25,383 root Initiating model training
2024-02-21 19:38:25,383 root Evaluating model
2024-02-21 19:38:53,776 root Model evaluated
2024-02-21 19:38:53,776 root Saving object
2024-02-21 19:38:53,776 root Saving object RandomForestClassifier(max_features='log2', n_estimators=135)
2024-02-21 19:38:53,901 root Object saved RandomForestClassifier(max_features='log2', n_estimators=135) : artifacts\model.pkl
2024-02-21 19:38:53,901 root Object saved
