2024-02-18 02:18:38,944 root Creating path
2024-02-18 02:18:38,944 root artifacts\preprocessor.pkl : path created
2024-02-18 02:18:39,007 root creating model path
2024-02-18 02:18:39,009 root Model path created
2024-02-18 02:18:39,441 root Initiating data transformation
2024-02-18 02:18:39,516 root Encoding Data Initiated
2024-02-18 02:18:39,516 root preprocessor object created
2024-02-18 02:18:39,596 root Saving object
2024-02-18 02:18:39,631 root Saving object Pipeline(steps=[('CT',
                 ColumnTransformer(remainder='passthrough',
                                   transformers=[('one_hot',
                                                  Pipeline(steps=[('fill_val',
                                                                   SimpleImputer(fill_value='most_frequent',
                                                                                 strategy='constant')),
                                                                  ('onehot',
                                                                   OneHotEncoder(handle_unknown='ignore'))]),
                                                  ['marital', 'poutcome']),
                                                 ('ordinal_en',
                                                  Pipeline(steps=[('ordinal_simple',
                                                                   SimpleImputer(fill_value='most_frequent',
                                                                                 strategy='constant')),
                                                                  ('ordinal_en',
                                                                   OrdinalEncoder())]),
                                                  ['job', 'housing',
                                                   'loan'])]))])
2024-02-18 02:18:39,697 root Object saved Pipeline(steps=[('CT',
                 ColumnTransformer(remainder='passthrough',
                                   transformers=[('one_hot',
                                                  Pipeline(steps=[('fill_val',
                                                                   SimpleImputer(fill_value='most_frequent',
                                                                                 strategy='constant')),
                                                                  ('onehot',
                                                                   OneHotEncoder(handle_unknown='ignore'))]),
                                                  ['marital', 'poutcome']),
                                                 ('ordinal_en',
                                                  Pipeline(steps=[('ordinal_simple',
                                                                   SimpleImputer(fill_value='most_frequent',
                                                                                 strategy='constant')),
                                                                  ('ordinal_en',
                                                                   OrdinalEncoder())]),
                                                  ['job', 'housing',
                                                   'loan'])]))]) : artifacts\preprocessor.pkl
2024-02-18 02:18:39,697 root object saved
2024-02-18 02:18:39,698 root Initiating model training
2024-02-18 02:18:39,698 root Evaluating model
2024-02-18 02:18:40,475 root Model evaluation incomplete
