2024-02-21 19:32:52,901 root Creating path
2024-02-21 19:32:52,901 root artifacts\preprocessor.pkl : path created
2024-02-21 19:32:53,712 root creating model path
2024-02-21 19:32:53,712 root Model path created
2024-02-21 19:32:54,236 root Initiating data transformation
2024-02-21 19:32:54,322 root Encoding Data Initiated
2024-02-21 19:32:54,322 root preprocessor object created
2024-02-21 19:32:54,404 root Saving object
2024-02-21 19:32:54,420 root Saving object Pipeline(steps=[('CT',
                 ColumnTransformer(remainder='passthrough',
                                   transformers=[('one_hot',
                                                  Pipeline(steps=[('fill_val',
                                                                   SimpleImputer(fill_value='most_frequent',
                                                                                 strategy='constant')),
                                                                  ('onehot',
                                                                   OneHotEncoder(handle_unknown='ignore'))]),
                                                  ['marital', 'poutcome']),
                                                 ('ordinal_en',
                                                  Pipeline(steps=[('ordinal_simple',
                                                                   SimpleImputer(fill_value='most_frequent',
                                                                                 strategy='constant')),
                                                                  ('ordinal_en',
                                                                   OrdinalEncoder())]),
                                                  ['job', 'housing',
                                                   'loan'])]))])
2024-02-21 19:32:54,436 root Object saved Pipeline(steps=[('CT',
                 ColumnTransformer(remainder='passthrough',
                                   transformers=[('one_hot',
                                                  Pipeline(steps=[('fill_val',
                                                                   SimpleImputer(fill_value='most_frequent',
                                                                                 strategy='constant')),
                                                                  ('onehot',
                                                                   OneHotEncoder(handle_unknown='ignore'))]),
                                                  ['marital', 'poutcome']),
                                                 ('ordinal_en',
                                                  Pipeline(steps=[('ordinal_simple',
                                                                   SimpleImputer(fill_value='most_frequent',
                                                                                 strategy='constant')),
                                                                  ('ordinal_en',
                                                                   OrdinalEncoder())]),
                                                  ['job', 'housing',
                                                   'loan'])]))]) : artifacts\preprocessor.pkl
2024-02-21 19:32:54,436 root object saved
2024-02-21 19:32:54,451 root Initiating model training
2024-02-21 19:32:54,451 root Evaluating model
2024-02-21 19:33:23,187 root Model evaluated
2024-02-21 19:33:24,406 root Model evaluated
2024-02-21 19:33:24,408 root Saving object
2024-02-21 19:33:24,408 root Saving object RandomForestClassifier()
2024-02-21 19:33:24,644 root Object saved RandomForestClassifier() : artifacts\model.pkl
2024-02-21 19:33:24,644 root Object saved
