2024-02-18 12:49:33,188 root Creating path
2024-02-18 12:49:33,188 root artifacts\preprocessor.pkl : path created
2024-02-18 12:49:33,252 root creating model path
2024-02-18 12:49:33,252 root Model path created
2024-02-18 12:49:33,767 root Initiating data transformation
2024-02-18 12:49:33,832 root Encoding Data Initiated
2024-02-18 12:49:33,832 root preprocessor object created
2024-02-18 12:49:33,911 root Saving object
2024-02-18 12:49:33,957 root Saving object Pipeline(steps=[('CT',
                 ColumnTransformer(remainder='passthrough',
                                   transformers=[('one_hot',
                                                  Pipeline(steps=[('fill_val',
                                                                   SimpleImputer(fill_value='most_frequent',
                                                                                 strategy='constant')),
                                                                  ('onehot',
                                                                   OneHotEncoder(handle_unknown='ignore'))]),
                                                  ['marital', 'poutcome']),
                                                 ('ordinal_en',
                                                  Pipeline(steps=[('ordinal_simple',
                                                                   SimpleImputer(fill_value='most_frequent',
                                                                                 strategy='constant')),
                                                                  ('ordinal_en',
                                                                   OrdinalEncoder())]),
                                                  ['job', 'housing',
                                                   'loan'])]))])
2024-02-18 12:49:34,004 root Object saved Pipeline(steps=[('CT',
                 ColumnTransformer(remainder='passthrough',
                                   transformers=[('one_hot',
                                                  Pipeline(steps=[('fill_val',
                                                                   SimpleImputer(fill_value='most_frequent',
                                                                                 strategy='constant')),
                                                                  ('onehot',
                                                                   OneHotEncoder(handle_unknown='ignore'))]),
                                                  ['marital', 'poutcome']),
                                                 ('ordinal_en',
                                                  Pipeline(steps=[('ordinal_simple',
                                                                   SimpleImputer(fill_value='most_frequent',
                                                                                 strategy='constant')),
                                                                  ('ordinal_en',
                                                                   OrdinalEncoder())]),
                                                  ['job', 'housing',
                                                   'loan'])]))]) : artifacts\preprocessor.pkl
2024-02-18 12:49:34,023 root object saved
2024-02-18 12:49:34,023 root Initiating model training
2024-02-18 12:49:34,023 root Evaluating model
2024-02-18 12:50:02,223 root Model evaluated
2024-02-18 12:50:02,975 root Model evaluated
2024-02-18 12:50:02,975 root Saving object
2024-02-18 12:50:02,975 root Saving object RandomForestClassifier(n_estimators=175)
2024-02-18 12:50:03,065 root Object saved RandomForestClassifier(n_estimators=175) : artifacts\model.pkl
2024-02-18 12:50:03,066 root Object saved
