2024-02-18 02:41:57,320 root Creating path
2024-02-18 02:41:57,320 root artifacts\preprocessor.pkl : path created
2024-02-18 02:41:57,394 root creating model path
2024-02-18 02:41:57,394 root Model path created
2024-02-18 02:41:57,543 root Initiating data transformation
2024-02-18 02:41:57,604 root Encoding Data Initiated
2024-02-18 02:41:57,604 root preprocessor object created
2024-02-18 02:41:57,661 root Saving object
2024-02-18 02:41:57,705 root Saving object Pipeline(steps=[('CT',
                 ColumnTransformer(remainder='passthrough',
                                   transformers=[('one_hot',
                                                  Pipeline(steps=[('fill_val',
                                                                   SimpleImputer(fill_value='most_frequent',
                                                                                 strategy='constant')),
                                                                  ('onehot',
                                                                   OneHotEncoder(handle_unknown='ignore'))]),
                                                  ['marital', 'poutcome']),
                                                 ('ordinal_en',
                                                  Pipeline(steps=[('ordinal_simple',
                                                                   SimpleImputer(fill_value='most_frequent',
                                                                                 strategy='constant')),
                                                                  ('ordinal_en',
                                                                   OrdinalEncoder())]),
                                                  ['job', 'housing',
                                                   'loan'])]))])
2024-02-18 02:41:57,725 root Object saved Pipeline(steps=[('CT',
                 ColumnTransformer(remainder='passthrough',
                                   transformers=[('one_hot',
                                                  Pipeline(steps=[('fill_val',
                                                                   SimpleImputer(fill_value='most_frequent',
                                                                                 strategy='constant')),
                                                                  ('onehot',
                                                                   OneHotEncoder(handle_unknown='ignore'))]),
                                                  ['marital', 'poutcome']),
                                                 ('ordinal_en',
                                                  Pipeline(steps=[('ordinal_simple',
                                                                   SimpleImputer(fill_value='most_frequent',
                                                                                 strategy='constant')),
                                                                  ('ordinal_en',
                                                                   OrdinalEncoder())]),
                                                  ['job', 'housing',
                                                   'loan'])]))]) : artifacts\preprocessor.pkl
2024-02-18 02:41:57,725 root object saved
2024-02-18 02:41:57,726 root Initiating model training
2024-02-18 02:41:57,726 root Evaluating model
2024-02-18 02:42:26,810 root Model evaluated
2024-02-18 02:42:27,823 root Model evaluated
